2016-06-28 08:12:28.985/3.027 Oracle Coherence 12.1.3.0.0 <Info> (thread=main, member=n/a): Loaded operational configuration from "jar:file:/u01/fmw/soa/coherence/lib/coherence.jar!/tangosol-coherence.xml"
2016-06-28 08:12:29.082/3.124 Oracle Coherence 12.1.3.0.0 <Info> (thread=main, member=n/a): Loaded operational overrides from "jar:file:/u01/fmw/soa/coherence/lib/coherence.jar!/tangosol-coherence-override-dev.xml"
2016-06-28 08:12:29.089/3.131 Oracle Coherence 12.1.3.0.0 <D5> (thread=main, member=n/a): Optional configuration override "/tangosol-coherence-override.xml" is not specified
2016-06-28 08:12:29.093/3.135 Oracle Coherence 12.1.3.0.0 <D5> (thread=main, member=n/a): Optional configuration override "cache-factory-config.xml" is not specified
2016-06-28 08:12:29.094/3.136 Oracle Coherence 12.1.3.0.0 <D5> (thread=main, member=n/a): Optional configuration override "cache-factory-builder-config.xml" is not specified
2016-06-28 08:12:29.095/3.137 Oracle Coherence 12.1.3.0.0 <D5> (thread=main, member=n/a): Optional configuration override "/custom-mbeans.xml" is not specified

Oracle Coherence Version 12.1.3.0.0 Build 52031
 Grid Edition: Development mode
Copyright (c) 2000, 2014, Oracle and/or its affiliates. All rights reserved.

2016-06-28 08:12:29.285/3.327 Oracle Coherence GE 12.1.3.0.0 <Info> (thread=main, member=n/a): Created cache factory com.tangosol.net.DefaultConfigurableCacheFactory
Jun 28, 2016 8:12:30 AM oracle.fabric.common.wsdl.SchemaManager isIncrementalBuildSupported
INFO: XMLSchema incremental build enabled.
Jun 28, 2016 8:12:30 AM com.collaxa.cube.CubeLogger info
INFO: validating "FaultGeneratorBPELProcess.bpel" ...
Jun 28, 2016 8:12:30 AM oracle.integration.platform.blocks.PlatformConfigurationProvider getPlatformConfigurationProvider
WARNING: JRF is unable to determine the current application server platform.
Jun 28, 2016 8:12:31 AM oracle.fabric.common.wsdl.SchemaManager buildXDKSchema
INFO: Namespace specified for the lookup belongs to a default namespace URI: http://www.w3.org/2001/XMLSchema. Will not attempt to build the schema model for it...
Jun 28, 2016 8:12:31 AM oracle.fabric.common.wsdl.SchemaManager buildXDKSchema
INFO: Namespace specified for the lookup belongs to a default namespace URI: http://www.w3.org/2001/XMLSchema. Will not attempt to build the schema model for it...
Jun 28, 2016 8:12:31 AM oracle.fabric.common.wsdl.SchemaManager buildXDKSchema
INFO: Namespace specified for the lookup belongs to a default namespace URI: http://www.w3.org/2001/XMLSchema. Will not attempt to build the schema model for it...
Jun 28, 2016 8:12:31 AM com.collaxa.cube.CubeLogger info
INFO: Composed "FaultGeneratorBPELProcess" in 80.0 milliseconds [nodes 20=0+20, 250.0 nodes/sec]
Jun 28, 2016 8:12:32 AM CubeProcessGenerator compile
INFO: RegularFileObject[/home/oracle/jdeveloper/mywork/FaultHandlingApplication/bpel-300-FaultHandlingFramework/SOA/SCA-INF/bpel/FaultGeneratorBPELProcess/src/orabpel/faultgeneratorbpelprocess/L0.java] /home/oracle/jdeveloper/mywork/FaultHandlingApplication/bpel-300-FaultHandlingFramework/SOA/SCA-INF/bpel/FaultGeneratorBPELProcess/src/orabpel/faultgeneratorbpelprocess/L0.java uses unchecked or unsafe operations.
Jun 28, 2016 8:12:32 AM CubeProcessGenerator compile
INFO: RegularFileObject[/home/oracle/jdeveloper/mywork/FaultHandlingApplication/bpel-300-FaultHandlingFramework/SOA/SCA-INF/bpel/FaultGeneratorBPELProcess/src/orabpel/faultgeneratorbpelprocess/L0.java] Recompile with -Xlint:unchecked for details.
Jun 28, 2016 8:12:32 AM com.collaxa.cube.CubeLogger info
INFO: Compiled "FaultGeneratorBPELProcess" in 1.468 seconds
Jun 28, 2016 8:12:32 AM com.collaxa.cube.CubeLogger info
INFO: Gathered 4 files in 0.2 milliseconds
Jun 28, 2016 8:12:32 AM com.collaxa.cube.CubeLogger info
INFO: Packaged "FaultGeneratorBPELProcess" in 4.8 milliseconds
Jun 28, 2016 8:12:32 AM com.collaxa.cube.CubeLogger info
INFO: validating "Action_ora_java.bpel" ...
Jun 28, 2016 8:12:32 AM com.collaxa.cube.CubeLogger info
INFO: Composed "Action_ora_java" in 19.3 milliseconds [nodes 19=0+19, 982.2 nodes/sec]
Jun 28, 2016 8:12:33 AM CubeProcessGenerator compile
INFO: RegularFileObject[/home/oracle/jdeveloper/mywork/FaultHandlingApplication/bpel-300-FaultHandlingFramework/SOA/SCA-INF/bpel/Action_ora_java/src/orabpel/action_ora_java/L1.java] /home/oracle/jdeveloper/mywork/FaultHandlingApplication/bpel-300-FaultHandlingFramework/SOA/SCA-INF/bpel/Action_ora_java/src/orabpel/action_ora_java/L1.java uses unchecked or unsafe operations.
Jun 28, 2016 8:12:33 AM CubeProcessGenerator compile
INFO: RegularFileObject[/home/oracle/jdeveloper/mywork/FaultHandlingApplication/bpel-300-FaultHandlingFramework/SOA/SCA-INF/bpel/Action_ora_java/src/orabpel/action_ora_java/L1.java] Recompile with -Xlint:unchecked for details.
Jun 28, 2016 8:12:33 AM com.collaxa.cube.CubeLogger info
INFO: Compiled "Action_ora_java" in 410.6 milliseconds
Jun 28, 2016 8:12:33 AM com.collaxa.cube.CubeLogger info
INFO: Gathered 4 files in 0.2 milliseconds
Jun 28, 2016 8:12:33 AM com.collaxa.cube.CubeLogger info
INFO: Packaged "Action_ora_java" in 2.4 milliseconds
Jun 28, 2016 8:12:33 AM com.collaxa.cube.CubeLogger info
INFO: validating "Action_ora_rethrow_fault.bpel" ...
Jun 28, 2016 8:12:33 AM com.collaxa.cube.CubeLogger info
INFO: Composed "Action_ora_rethrow_fault" in 34.7 milliseconds [nodes 12=0+12, 345.5 nodes/sec]
Jun 28, 2016 8:12:33 AM CubeProcessGenerator compile
INFO: RegularFileObject[/home/oracle/jdeveloper/mywork/FaultHandlingApplication/bpel-300-FaultHandlingFramework/SOA/SCA-INF/bpel/Action_ora_rethrow_fault/src/orabpel/action_ora_rethrow_fault/L2.java] /home/oracle/jdeveloper/mywork/FaultHandlingApplication/bpel-300-FaultHandlingFramework/SOA/SCA-INF/bpel/Action_ora_rethrow_fault/src/orabpel/action_ora_rethrow_fault/L2.java uses unchecked or unsafe operations.
Jun 28, 2016 8:12:33 AM CubeProcessGenerator compile
INFO: RegularFileObject[/home/oracle/jdeveloper/mywork/FaultHandlingApplication/bpel-300-FaultHandlingFramework/SOA/SCA-INF/bpel/Action_ora_rethrow_fault/src/orabpel/action_ora_rethrow_fault/L2.java] Recompile with -Xlint:unchecked for details.
Jun 28, 2016 8:12:33 AM com.collaxa.cube.CubeLogger info
INFO: Compiled "Action_ora_rethrow_fault" in 406.3 milliseconds
Jun 28, 2016 8:12:33 AM com.collaxa.cube.CubeLogger info
INFO: Gathered 4 files in 0.0 milliseconds
Jun 28, 2016 8:12:33 AM com.collaxa.cube.CubeLogger info
INFO: Packaged "Action_ora_rethrow_fault" in 4.9 milliseconds
Jun 28, 2016 8:12:33 AM com.collaxa.cube.CubeLogger info
INFO: validating "Throw_vs_Reply.bpel" ...
Jun 28, 2016 8:12:34 AM oracle.fabric.common.wsdl.SchemaManager buildXDKSchema
INFO: Namespace specified for the lookup belongs to a default namespace URI: http://www.w3.org/2001/XMLSchema. Will not attempt to build the schema model for it...
Jun 28, 2016 8:12:34 AM oracle.fabric.common.wsdl.SchemaManager buildXDKSchema
INFO: Namespace specified for the lookup belongs to a default namespace URI: http://www.w3.org/2001/XMLSchema. Will not attempt to build the schema model for it...
Jun 28, 2016 8:12:34 AM oracle.fabric.common.wsdl.SchemaManager buildXDKSchema
INFO: Namespace specified for the lookup belongs to a default namespace URI: http://www.w3.org/2001/XMLSchema. Will not attempt to build the schema model for it...
Jun 28, 2016 8:12:34 AM com.collaxa.cube.CubeLogger info
INFO: Composed "Throw_vs_Reply" in 36.0 milliseconds [nodes 21=1+20, 583.2 nodes/sec]
Jun 28, 2016 8:12:34 AM CubeProcessGenerator compile
INFO: RegularFileObject[/home/oracle/jdeveloper/mywork/FaultHandlingApplication/bpel-300-FaultHandlingFramework/SOA/SCA-INF/bpel/Throw_vs_Reply/src/orabpel/throw_vs_reply/L3.java] Some input files use unchecked or unsafe operations.
Jun 28, 2016 8:12:34 AM CubeProcessGenerator compile
INFO: RegularFileObject[/home/oracle/jdeveloper/mywork/FaultHandlingApplication/bpel-300-FaultHandlingFramework/SOA/SCA-INF/bpel/Throw_vs_Reply/src/orabpel/throw_vs_reply/L3.java] Recompile with -Xlint:unchecked for details.
Jun 28, 2016 8:12:34 AM com.collaxa.cube.CubeLogger info
INFO: Compiled "Throw_vs_Reply" in 581.2 milliseconds
Jun 28, 2016 8:12:34 AM com.collaxa.cube.CubeLogger info
INFO: Gathered 6 files in 0.1 milliseconds
Jun 28, 2016 8:12:34 AM com.collaxa.cube.CubeLogger info
INFO: Packaged "Throw_vs_Reply" in 2.5 milliseconds
Jun 28, 2016 8:12:34 AM com.collaxa.cube.CubeLogger info
INFO: validating "Action_ora_replay_scope.bpel" ...
Jun 28, 2016 8:12:34 AM com.collaxa.cube.CubeLogger info
INFO: Composed "Action_ora_replay_scope" in 7.0 milliseconds [nodes 21=0+21, 3,012.3 nodes/sec]
Jun 28, 2016 8:12:35 AM CubeProcessGenerator compile
INFO: RegularFileObject[/home/oracle/jdeveloper/mywork/FaultHandlingApplication/bpel-300-FaultHandlingFramework/SOA/SCA-INF/bpel/Action_ora_replay_scope/src/orabpel/action_ora_replay_scope/L4.java] /home/oracle/jdeveloper/mywork/FaultHandlingApplication/bpel-300-FaultHandlingFramework/SOA/SCA-INF/bpel/Action_ora_replay_scope/src/orabpel/action_ora_replay_scope/L4.java uses unchecked or unsafe operations.
Jun 28, 2016 8:12:35 AM CubeProcessGenerator compile
INFO: RegularFileObject[/home/oracle/jdeveloper/mywork/FaultHandlingApplication/bpel-300-FaultHandlingFramework/SOA/SCA-INF/bpel/Action_ora_replay_scope/src/orabpel/action_ora_replay_scope/L4.java] Recompile with -Xlint:unchecked for details.
Jun 28, 2016 8:12:35 AM com.collaxa.cube.CubeLogger info
INFO: Compiled "Action_ora_replay_scope" in 303.9 milliseconds
Jun 28, 2016 8:12:35 AM com.collaxa.cube.CubeLogger info
INFO: Gathered 4 files in 0.0 milliseconds
Jun 28, 2016 8:12:35 AM com.collaxa.cube.CubeLogger info
INFO: Packaged "Action_ora_replay_scope" in 5.3 milliseconds
Jun 28, 2016 8:12:35 AM com.collaxa.cube.CubeLogger info
INFO: validating "Action_ora_terminate.bpel" ...
Jun 28, 2016 8:12:35 AM com.collaxa.cube.CubeLogger info
INFO: Composed "Action_ora_terminate" in 12.4 milliseconds [nodes 12=0+12, 964.3 nodes/sec]
Jun 28, 2016 8:12:35 AM CubeProcessGenerator compile
INFO: RegularFileObject[/home/oracle/jdeveloper/mywork/FaultHandlingApplication/bpel-300-FaultHandlingFramework/SOA/SCA-INF/bpel/Action_ora_terminate/src/orabpel/action_ora_terminate/L5.java] /home/oracle/jdeveloper/mywork/FaultHandlingApplication/bpel-300-FaultHandlingFramework/SOA/SCA-INF/bpel/Action_ora_terminate/src/orabpel/action_ora_terminate/L5.java uses unchecked or unsafe operations.
Jun 28, 2016 8:12:35 AM CubeProcessGenerator compile
INFO: RegularFileObject[/home/oracle/jdeveloper/mywork/FaultHandlingApplication/bpel-300-FaultHandlingFramework/SOA/SCA-INF/bpel/Action_ora_terminate/src/orabpel/action_ora_terminate/L5.java] Recompile with -Xlint:unchecked for details.
Jun 28, 2016 8:12:35 AM com.collaxa.cube.CubeLogger info
INFO: Compiled "Action_ora_terminate" in 221.9 milliseconds
Jun 28, 2016 8:12:35 AM com.collaxa.cube.CubeLogger info
INFO: Gathered 4 files in 0.1 milliseconds
Jun 28, 2016 8:12:35 AM com.collaxa.cube.CubeLogger info
INFO: Packaged "Action_ora_terminate" in 1.7 milliseconds
Jun 28, 2016 8:12:35 AM com.collaxa.cube.CubeLogger info
INFO: validating "Action_ora_human_intervention.bpel" ...
Jun 28, 2016 8:12:35 AM com.collaxa.cube.CubeLogger info
INFO: Composed "Action_ora_human_intervention" in 5.0 milliseconds [nodes 12=0+12, 2,406.2 nodes/sec]
Jun 28, 2016 8:12:35 AM CubeProcessGenerator compile
INFO: RegularFileObject[/home/oracle/jdeveloper/mywork/FaultHandlingApplication/bpel-300-FaultHandlingFramework/SOA/SCA-INF/bpel/Action_ora_human_intervention/src/orabpel/action_ora_human_intervention/L6.java] /home/oracle/jdeveloper/mywork/FaultHandlingApplication/bpel-300-FaultHandlingFramework/SOA/SCA-INF/bpel/Action_ora_human_intervention/src/orabpel/action_ora_human_intervention/L6.java uses unchecked or unsafe operations.
Jun 28, 2016 8:12:35 AM CubeProcessGenerator compile
INFO: RegularFileObject[/home/oracle/jdeveloper/mywork/FaultHandlingApplication/bpel-300-FaultHandlingFramework/SOA/SCA-INF/bpel/Action_ora_human_intervention/src/orabpel/action_ora_human_intervention/L6.java] Recompile with -Xlint:unchecked for details.
Jun 28, 2016 8:12:35 AM com.collaxa.cube.CubeLogger info
INFO: Compiled "Action_ora_human_intervention" in 161.2 milliseconds
Jun 28, 2016 8:12:35 AM com.collaxa.cube.CubeLogger info
INFO: Gathered 4 files in 0.1 milliseconds
Jun 28, 2016 8:12:35 AM com.collaxa.cube.CubeLogger info
INFO: Packaged "Action_ora_human_intervention" in 2.4 milliseconds
Jun 28, 2016 8:12:35 AM com.collaxa.cube.CubeLogger info
INFO: validating "Action_ora_retry.bpel" ...
Jun 28, 2016 8:12:35 AM com.collaxa.cube.CubeLogger info
INFO: Composed "Action_ora_retry" in 8.7 milliseconds [nodes 12=0+12, 1,387.0 nodes/sec]
Jun 28, 2016 8:12:35 AM CubeProcessGenerator compile
INFO: RegularFileObject[/home/oracle/jdeveloper/mywork/FaultHandlingApplication/bpel-300-FaultHandlingFramework/SOA/SCA-INF/bpel/Action_ora_retry/src/orabpel/action_ora_retry/L7.java] /home/oracle/jdeveloper/mywork/FaultHandlingApplication/bpel-300-FaultHandlingFramework/SOA/SCA-INF/bpel/Action_ora_retry/src/orabpel/action_ora_retry/L7.java uses unchecked or unsafe operations.
Jun 28, 2016 8:12:35 AM CubeProcessGenerator compile
INFO: RegularFileObject[/home/oracle/jdeveloper/mywork/FaultHandlingApplication/bpel-300-FaultHandlingFramework/SOA/SCA-INF/bpel/Action_ora_retry/src/orabpel/action_ora_retry/L7.java] Recompile with -Xlint:unchecked for details.
Jun 28, 2016 8:12:35 AM com.collaxa.cube.CubeLogger info
INFO: Compiled "Action_ora_retry" in 266.7 milliseconds
Jun 28, 2016 8:12:35 AM com.collaxa.cube.CubeLogger info
INFO: Gathered 4 files in 0.1 milliseconds
Jun 28, 2016 8:12:35 AM com.collaxa.cube.CubeLogger info
INFO: Packaged "Action_ora_retry" in 2.1 milliseconds
Schema validation failed with exception "Invalid element 'element' in 'all'"
oracle.xml.parser.schema.XSDException: Invalid element 'element' in 'all'
	at oracle.xml.parser.schema.XSDBuilder.buildSchema(XSDBuilder.java:1124)
	at oracle.xml.parser.schema.XSDBuilder.build(XSDBuilder.java:630)
	at oracle.soa.scac.ValidationFaultUtil.validateSourceWithSchema(ValidationFaultUtil.java:182)
	at oracle.soa.scac.ValidationFaultUtil.validateWithSchema(ValidationFaultUtil.java:241)
	at oracle.soa.scac.ValidationFaultUtil.validateWithSchema(ValidationFaultUtil.java:225)
	at oracle.soa.scac.ValidateComposite.validateFaultPolicy(ValidateComposite.java:1305)
	at oracle.soa.scac.ValidateComposite.doValidation0(ValidateComposite.java:528)
	at oracle.soa.scac.ValidateComposite.doValidation(ValidateComposite.java:501)
	at oracle.soa.scac.ValidateComposite.run0(ValidateComposite.java:219)
	at oracle.soa.scac.ValidateComposite.run(ValidateComposite.java:200)
	at oracle.soa.scac.ValidateComposite.main(ValidateComposite.java:192)
